[07-Aug-2025 11:07:27] NOTICE: fpm is running, pid 51948
[07-Aug-2025 11:07:27] NOTICE: ready to handle connections
[07-Aug-2025 11:14:46] NOTICE: Terminating ...
[07-Aug-2025 11:14:46] NOTICE: Terminating ...
[07-Aug-2025 11:14:46] NOTICE: exiting, bye-bye!
[07-Aug-2025 11:14:49] NOTICE: fpm is running, pid 53011
[07-Aug-2025 11:14:49] NOTICE: ready to handle connections
[10-Aug-2025 16:15:33] NOTICE: fpm is running, pid 4907
[10-Aug-2025 16:15:33] NOTICE: ready to handle connections
[13-Aug-2025 14:03:24] NOTICE: fpm is running, pid 1557
[13-Aug-2025 14:03:24] NOTICE: ready to handle connections
[13-Aug-2025 14:03:58] NOTICE: Terminating ...
[13-Aug-2025 14:03:58] NOTICE: Terminating ...
[13-Aug-2025 14:03:58] NOTICE: exiting, bye-bye!
[13-Aug-2025 14:04:00] NOTICE: fpm is running, pid 1645
[13-Aug-2025 14:04:00] NOTICE: ready to handle connections
[13-Aug-2025 14:06:25] NOTICE: Terminating ...
[13-Aug-2025 14:06:25] NOTICE: Terminating ...
[13-Aug-2025 14:06:25] NOTICE: exiting, bye-bye!
[13-Aug-2025 14:06:27] NOTICE: fpm is running, pid 2253
[13-Aug-2025 14:06:27] NOTICE: ready to handle connections
[14-Aug-2025 07:39:59] NOTICE: fpm is running, pid 2026
[14-Aug-2025 07:39:59] NOTICE: ready to handle connections
[14-Aug-2025 13:10:29] NOTICE: fpm is running, pid 1410
[14-Aug-2025 13:10:29] NOTICE: ready to handle connections
[14-Aug-2025 13:11:49] NOTICE: Terminating ...
[14-Aug-2025 13:11:49] NOTICE: Terminating ...
[14-Aug-2025 13:11:49] NOTICE: exiting, bye-bye!
[14-Aug-2025 13:11:51] NOTICE: fpm is running, pid 2074
[14-Aug-2025 13:11:51] NOTICE: ready to handle connections
[14-Aug-2025 13:15:57] NOTICE: Terminating ...
[21-Aug-2025 07:36:35] NOTICE: fpm is running, pid 1640
[21-Aug-2025 07:36:35] NOTICE: ready to handle connections
[21-Aug-2025 07:37:01] NOTICE: Terminating ...
[21-Aug-2025 07:37:01] NOTICE: Terminating ...
[21-Aug-2025 07:37:01] NOTICE: exiting, bye-bye!
[21-Aug-2025 07:37:03] NOTICE: fpm is running, pid 1744
[21-Aug-2025 07:37:03] NOTICE: ready to handle connections
[21-Aug-2025 09:14:51] NOTICE: Terminating ...
[21-Aug-2025 09:14:51] NOTICE: Terminating ...
[21-Aug-2025 09:14:51] NOTICE: exiting, bye-bye!
[21-Aug-2025 09:14:59] NOTICE: fpm is running, pid 5557
[21-Aug-2025 09:14:59] NOTICE: ready to handle connections
[21-Aug-2025 11:11:29] NOTICE: Terminating ...
[21-Aug-2025 11:11:29] NOTICE: Terminating ...
[21-Aug-2025 11:11:29] NOTICE: exiting, bye-bye!
[10-Sep-2025 19:45:58] NOTICE: fpm is running, pid 2892
[10-Sep-2025 19:45:58] NOTICE: ready to handle connections
[10-Sep-2025 19:46:31] NOTICE: Terminating ...
[10-Sep-2025 19:46:31] NOTICE: Terminating ...
[10-Sep-2025 19:46:31] NOTICE: exiting, bye-bye!
[10-Sep-2025 19:46:34] NOTICE: fpm is running, pid 2995
[10-Sep-2025 19:46:34] NOTICE: ready to handle connections
[18-Oct-2025 13:27:26] NOTICE: fpm is running, pid 1352
[18-Oct-2025 13:27:26] NOTICE: ready to handle connections
[18-Oct-2025 13:28:23] NOTICE: Terminating ...
[18-Oct-2025 13:28:23] NOTICE: Terminating ...
[18-Oct-2025 13:28:23] NOTICE: exiting, bye-bye!
[18-Oct-2025 14:22:14] NOTICE: fpm is running, pid 2908
[18-Oct-2025 14:22:14] NOTICE: ready to handle connections
[18-Oct-2025 14:24:36] NOTICE: Terminating ...
[18-Oct-2025 14:24:36] NOTICE: Terminating ...
[18-Oct-2025 14:24:36] NOTICE: exiting, bye-bye!
[18-Oct-2025 14:24:41] NOTICE: fpm is running, pid 2999
[18-Oct-2025 14:24:41] NOTICE: ready to handle connections
[18-Oct-2025 14:36:31] NOTICE: Terminating ...
[18-Oct-2025 14:36:31] NOTICE: Terminating ...
[18-Oct-2025 14:36:31] NOTICE: exiting, bye-bye!
[18-Oct-2025 14:36:34] NOTICE: fpm is running, pid 3218
[18-Oct-2025 14:36:34] NOTICE: ready to handle connections
[18-Oct-2025 15:03:53] NOTICE: Terminating ...
[18-Oct-2025 15:03:54] NOTICE: exiting, bye-bye!
[18-Oct-2025 17:36:13] NOTICE: fpm is running, pid 783
[18-Oct-2025 17:36:13] NOTICE: ready to handle connections
[18-Oct-2025 17:36:43] NOTICE: Terminating ...
[18-Oct-2025 17:36:43] NOTICE: Terminating ...
[18-Oct-2025 17:36:43] NOTICE: exiting, bye-bye!
[18-Oct-2025 17:36:45] NOTICE: fpm is running, pid 817
[18-Oct-2025 17:36:45] NOTICE: ready to handle connections
[18-Oct-2025 18:39:17] NOTICE: Terminating ...
[18-Oct-2025 18:39:17] NOTICE: Terminating ...
[18-Oct-2025 18:39:17] NOTICE: exiting, bye-bye!
[19-Oct-2025 20:00:36] NOTICE: fpm is running, pid 6265
[19-Oct-2025 20:00:36] NOTICE: ready to handle connections
[19-Oct-2025 20:01:12] NOTICE: Terminating ...
[19-Oct-2025 20:01:12] NOTICE: Terminating ...
[19-Oct-2025 20:01:13] NOTICE: exiting, bye-bye!
[19-Oct-2025 20:01:17] NOTICE: fpm is running, pid 6307
[19-Oct-2025 20:01:17] NOTICE: ready to handle connections
[19-Oct-2025 22:04:20] NOTICE: Terminating ...
[19-Oct-2025 22:04:21] NOTICE: Terminating ...
[19-Oct-2025 22:04:21] NOTICE: exiting, bye-bye!
[20-Oct-2025 07:36:14] NOTICE: fpm is running, pid 713
[20-Oct-2025 07:36:14] NOTICE: ready to handle connections
[20-Oct-2025 07:36:42] NOTICE: Terminating ...
[20-Oct-2025 07:36:42] NOTICE: Terminating ...
[20-Oct-2025 07:36:43] NOTICE: exiting, bye-bye!
[20-Oct-2025 07:36:48] NOTICE: fpm is running, pid 758
[20-Oct-2025 07:36:48] NOTICE: ready to handle connections
[20-Oct-2025 08:18:31] NOTICE: Terminating ...
[20-Oct-2025 08:18:31] NOTICE: Terminating ...
[20-Oct-2025 08:18:31] NOTICE: exiting, bye-bye!
[21-Oct-2025 13:29:36] NOTICE: fpm is running, pid 651
[21-Oct-2025 13:29:36] NOTICE: ready to handle connections
[21-Oct-2025 13:30:04] NOTICE: Terminating ...
[21-Oct-2025 13:30:04] NOTICE: exiting, bye-bye!
[21-Oct-2025 13:30:17] NOTICE: fpm is running, pid 693
[21-Oct-2025 13:30:17] NOTICE: ready to handle connections
[21-Oct-2025 13:30:47] NOTICE: Terminating ...
[21-Oct-2025 13:30:47] NOTICE: Terminating ...
[21-Oct-2025 13:30:47] NOTICE: exiting, bye-bye!
[21-Oct-2025 13:30:50] NOTICE: fpm is running, pid 728
[21-Oct-2025 13:30:51] NOTICE: ready to handle connections
[21-Oct-2025 13:31:31] NOTICE: Terminating ...
[21-Oct-2025 13:31:31] NOTICE: Terminating ...
[21-Oct-2025 13:31:31] NOTICE: exiting, bye-bye!
[21-Oct-2025 13:31:35] NOTICE: fpm is running, pid 764
[21-Oct-2025 13:31:35] NOTICE: ready to handle connections
[21-Oct-2025 13:32:19] NOTICE: Terminating ...
[21-Oct-2025 13:32:20] NOTICE: Terminating ...
[21-Oct-2025 13:32:20] NOTICE: exiting, bye-bye!
[21-Oct-2025 13:33:54] NOTICE: fpm is running, pid 851
[21-Oct-2025 13:33:54] NOTICE: ready to handle connections
[21-Oct-2025 13:34:24] NOTICE: Terminating ...
[21-Oct-2025 13:34:24] NOTICE: Terminating ...
[21-Oct-2025 13:34:24] NOTICE: Terminating ...
[21-Oct-2025 13:34:24] NOTICE: exiting, bye-bye!
[21-Oct-2025 13:34:27] NOTICE: fpm is running, pid 888
[21-Oct-2025 13:34:27] NOTICE: ready to handle connections
[22-Oct-2025 13:42:34] NOTICE: fpm is running, pid 884
[22-Oct-2025 13:42:34] NOTICE: ready to handle connections
[22-Oct-2025 13:42:59] NOTICE: Terminating ...
[22-Oct-2025 13:43:00] NOTICE: Terminating ...
[22-Oct-2025 13:43:01] NOTICE: Terminating ...
[22-Oct-2025 13:43:01] NOTICE: exiting, bye-bye!
[22-Oct-2025 13:43:10] NOTICE: fpm is running, pid 936
[22-Oct-2025 13:43:10] NOTICE: ready to handle connections
[22-Oct-2025 13:43:43] NOTICE: Terminating ...
[22-Oct-2025 13:43:43] NOTICE: Terminating ...
[22-Oct-2025 13:43:43] NOTICE: exiting, bye-bye!
[22-Oct-2025 13:43:49] NOTICE: fpm is running, pid 969
[22-Oct-2025 13:43:49] NOTICE: ready to handle connections
[22-Oct-2025 13:44:41] NOTICE: Terminating ...
[22-Oct-2025 13:44:41] NOTICE: Terminating ...
[22-Oct-2025 13:44:41] NOTICE: exiting, bye-bye!
[22-Oct-2025 13:46:23] NOTICE: fpm is running, pid 1045
[22-Oct-2025 13:46:23] NOTICE: ready to handle connections
[22-Oct-2025 13:46:31] NOTICE: Terminating ...
[22-Oct-2025 13:46:31] NOTICE: Terminating ...
[22-Oct-2025 13:46:31] NOTICE: exiting, bye-bye!
[22-Oct-2025 13:46:34] NOTICE: fpm is running, pid 1073
[22-Oct-2025 13:46:34] NOTICE: ready to handle connections
[23-Oct-2025 09:07:39] NOTICE: fpm is running, pid 1223
[23-Oct-2025 09:07:39] NOTICE: ready to handle connections
[23-Oct-2025 11:32:37] NOTICE: Terminating ...
[23-Oct-2025 11:32:38] NOTICE: Terminating ...
[23-Oct-2025 11:32:38] NOTICE: exiting, bye-bye!
[23-Oct-2025 20:52:12] NOTICE: fpm is running, pid 741
[23-Oct-2025 20:52:12] NOTICE: ready to handle connections
[23-Oct-2025 20:53:31] NOTICE: Terminating ...
[23-Oct-2025 20:53:32] NOTICE: Terminating ...
[23-Oct-2025 20:53:33] NOTICE: exiting, bye-bye!
[23-Oct-2025 20:53:37] NOTICE: fpm is running, pid 797
[23-Oct-2025 20:53:37] NOTICE: ready to handle connections
[23-Oct-2025 21:12:50] NOTICE: Terminating ...
[23-Oct-2025 21:12:50] NOTICE: Terminating ...
[23-Oct-2025 21:12:50] NOTICE: exiting, bye-bye!
[23-Oct-2025 21:12:55] NOTICE: fpm is running, pid 978
[23-Oct-2025 21:12:55] NOTICE: ready to handle connections
[23-Oct-2025 21:13:57] NOTICE: Terminating ...
[23-Oct-2025 21:13:57] NOTICE: exiting, bye-bye!
[23-Oct-2025 21:14:54] NOTICE: fpm is running, pid 1055
[23-Oct-2025 21:14:54] NOTICE: ready to handle connections
[23-Oct-2025 21:15:18] NOTICE: Terminating ...
[23-Oct-2025 21:15:18] NOTICE: Terminating ...
[23-Oct-2025 21:15:18] NOTICE: exiting, bye-bye!
[23-Oct-2025 21:15:20] NOTICE: fpm is running, pid 1088
[23-Oct-2025 21:15:20] NOTICE: ready to handle connections
